  main.cpp
C:\Users\26819\Desktop\计科2301班202312474-舒中成-健身管理系统\健身管理系统\健身管理系统\Class.h(39,1): warning C4250: “D”: 通过域控制继承“B::B::show”
  (编译源文件“main.cpp”)
  C:\Users\26819\Desktop\计科2301班202312474-舒中成-健身管理系统\健身管理系统\健身管理系统\Class.h(23,7):
  参见“B::show”的声明
  
C:\Users\26819\Desktop\计科2301班202312474-舒中成-健身管理系统\健身管理系统\健身管理系统\main.cpp(111,3): error C2105: “++”需要左值
C:\Users\26819\Desktop\计科2301班202312474-舒中成-健身管理系统\健身管理系统\健身管理系统\main.cpp(111,4): error C2105: “++”需要左值
C:\Users\26819\Desktop\计科2301班202312474-舒中成-健身管理系统\健身管理系统\健身管理系统\main.cpp(111,6): error C2105: “++”需要左值
C:\Users\26819\Desktop\计科2301班202312474-舒中成-健身管理系统\健身管理系统\健身管理系统\main.cpp(111,8): error C2105: “++”需要左值
C:\Users\26819\Desktop\计科2301班202312474-舒中成-健身管理系统\健身管理系统\健身管理系统\main.cpp(111,10): error C2105: “++”需要左值
C:\Users\26819\Desktop\计科2301班202312474-舒中成-健身管理系统\健身管理系统\健身管理系统\main.cpp(111,12): error C2105: “++”需要左值
C:\Users\26819\Desktop\计科2301班202312474-舒中成-健身管理系统\健身管理系统\健身管理系统\main.cpp(111,14): error C2105: “++”需要左值
C:\Users\26819\Desktop\计科2301班202312474-舒中成-健身管理系统\健身管理系统\健身管理系统\main.cpp(111,16): error C2105: “++”需要左值
C:\Users\26819\Desktop\计科2301班202312474-舒中成-健身管理系统\健身管理系统\健身管理系统\main.cpp(111,18): error C2105: “++”需要左值
C:\Users\26819\Desktop\计科2301班202312474-舒中成-健身管理系统\健身管理系统\健身管理系统\main.cpp(111,20): error C2105: “++”需要左值
C:\Users\26819\Desktop\计科2301班202312474-舒中成-健身管理系统\健身管理系统\健身管理系统\main.cpp(111,22): error C2105: “++”需要左值
C:\Users\26819\Desktop\计科2301班202312474-舒中成-健身管理系统\健身管理系统\健身管理系统\main.cpp(111,24): error C2105: “++”需要左值
C:\Users\26819\Desktop\计科2301班202312474-舒中成-健身管理系统\健身管理系统\健身管理系统\main.cpp(111,26): error C2105: “++”需要左值
C:\Users\26819\Desktop\计科2301班202312474-舒中成-健身管理系统\健身管理系统\健身管理系统\main.cpp(111,28): error C2105: “++”需要左值
C:\Users\26819\Desktop\计科2301班202312474-舒中成-健身管理系统\健身管理系统\健身管理系统\main.cpp(111,30): error C2105: “++”需要左值
C:\Users\26819\Desktop\计科2301班202312474-舒中成-健身管理系统\健身管理系统\健身管理系统\main.cpp(111,32): error C2105: “++”需要左值
C:\Users\26819\Desktop\计科2301班202312474-舒中成-健身管理系统\健身管理系统\健身管理系统\main.cpp(111,34): error C2105: “++”需要左值
C:\Users\26819\Desktop\计科2301班202312474-舒中成-健身管理系统\健身管理系统\健身管理系统\main.cpp(111,36): error C2105: “++”需要左值
C:\Users\26819\Desktop\计科2301班202312474-舒中成-健身管理系统\健身管理系统\健身管理系统\main.cpp(111,38): error C2105: “++”需要左值
C:\Users\26819\Desktop\计科2301班202312474-舒中成-健身管理系统\健身管理系统\健身管理系统\main.cpp(111,40): error C2105: “++”需要左值
C:\Users\26819\Desktop\计科2301班202312474-舒中成-健身管理系统\健身管理系统\健身管理系统\main.cpp(111,42): error C2105: “++”需要左值
C:\Users\26819\Desktop\计科2301班202312474-舒中成-健身管理系统\健身管理系统\健身管理系统\main.cpp(111,44): error C2105: “++”需要左值
C:\Users\26819\Desktop\计科2301班202312474-舒中成-健身管理系统\健身管理系统\健身管理系统\main.cpp(111,46): error C2105: “++”需要左值
C:\Users\26819\Desktop\计科2301班202312474-舒中成-健身管理系统\健身管理系统\健身管理系统\main.cpp(111,48): error C2105: “++”需要左值
C:\Users\26819\Desktop\计科2301班202312474-舒中成-健身管理系统\健身管理系统\健身管理系统\main.cpp(111,50): error C2105: “++”需要左值
C:\Users\26819\Desktop\计科2301班202312474-舒中成-健身管理系统\健身管理系统\健身管理系统\main.cpp(111,52): error C2105: “++”需要左值
C:\Users\26819\Desktop\计科2301班202312474-舒中成-健身管理系统\健身管理系统\健身管理系统\main.cpp(111,54): error C2105: “++”需要左值
C:\Users\26819\Desktop\计科2301班202312474-舒中成-健身管理系统\健身管理系统\健身管理系统\main.cpp(111,56): error C2105: “++”需要左值
C:\Users\26819\Desktop\计科2301班202312474-舒中成-健身管理系统\健身管理系统\健身管理系统\main.cpp(111,58): error C2105: “++”需要左值
C:\Users\26819\Desktop\计科2301班202312474-舒中成-健身管理系统\健身管理系统\健身管理系统\main.cpp(111,60): error C2105: “++”需要左值
C:\Users\26819\Desktop\计科2301班202312474-舒中成-健身管理系统\健身管理系统\健身管理系统\main.cpp(111,62): error C2105: “++”需要左值
C:\Users\26819\Desktop\计科2301班202312474-舒中成-健身管理系统\健身管理系统\健身管理系统\main.cpp(111,64): error C2105: “++”需要左值
C:\Users\26819\Desktop\计科2301班202312474-舒中成-健身管理系统\健身管理系统\健身管理系统\main.cpp(111,66): error C2105: “++”需要左值
C:\Users\26819\Desktop\计科2301班202312474-舒中成-健身管理系统\健身管理系统\健身管理系统\main.cpp(111,68): error C2105: “++”需要左值
C:\Users\26819\Desktop\计科2301班202312474-舒中成-健身管理系统\健身管理系统\健身管理系统\main.cpp(111,70): error C2105: “++”需要左值
C:\Users\26819\Desktop\计科2301班202312474-舒中成-健身管理系统\健身管理系统\健身管理系统\main.cpp(111,72): error C2105: “++”需要左值
C:\Users\26819\Desktop\计科2301班202312474-舒中成-健身管理系统\健身管理系统\健身管理系统\main.cpp(111,74): error C2105: “++”需要左值
C:\Users\26819\Desktop\计科2301班202312474-舒中成-健身管理系统\健身管理系统\健身管理系统\main.cpp(111,76): error C2105: “++”需要左值
C:\Users\26819\Desktop\计科2301班202312474-舒中成-健身管理系统\健身管理系统\健身管理系统\main.cpp(111,78): error C2105: “++”需要左值
C:\Users\26819\Desktop\计科2301班202312474-舒中成-健身管理系统\健身管理系统\健身管理系统\main.cpp(111,80): error C2105: “++”需要左值
C:\Users\26819\Desktop\计科2301班202312474-舒中成-健身管理系统\健身管理系统\健身管理系统\main.cpp(111,82): error C2105: “++”需要左值
C:\Users\26819\Desktop\计科2301班202312474-舒中成-健身管理系统\健身管理系统\健身管理系统\main.cpp(111,84): error C2105: “++”需要左值
C:\Users\26819\Desktop\计科2301班202312474-舒中成-健身管理系统\健身管理系统\健身管理系统\main.cpp(111,86): error C2105: “++”需要左值
C:\Users\26819\Desktop\计科2301班202312474-舒中成-健身管理系统\健身管理系统\健身管理系统\main.cpp(111,88): error C2105: “++”需要左值
C:\Users\26819\Desktop\计科2301班202312474-舒中成-健身管理系统\健身管理系统\健身管理系统\main.cpp(111,90): error C2105: “++”需要左值
C:\Users\26819\Desktop\计科2301班202312474-舒中成-健身管理系统\健身管理系统\健身管理系统\main.cpp(111,92): error C2105: “++”需要左值
C:\Users\26819\Desktop\计科2301班202312474-舒中成-健身管理系统\健身管理系统\健身管理系统\main.cpp(111,94): error C2105: “++”需要左值
C:\Users\26819\Desktop\计科2301班202312474-舒中成-健身管理系统\健身管理系统\健身管理系统\main.cpp(111,96): error C2105: “++”需要左值
C:\Users\26819\Desktop\计科2301班202312474-舒中成-健身管理系统\健身管理系统\健身管理系统\main.cpp(111,98): error C2105: “++”需要左值
C:\Users\26819\Desktop\计科2301班202312474-舒中成-健身管理系统\健身管理系统\健身管理系统\main.cpp(111,100): error C2105: “++”需要左值
C:\Users\26819\Desktop\计科2301班202312474-舒中成-健身管理系统\健身管理系统\健身管理系统\main.cpp(111,102): error C2105: “++”需要左值
C:\Users\26819\Desktop\计科2301班202312474-舒中成-健身管理系统\健身管理系统\健身管理系统\main.cpp(111,104): error C2105: “++”需要左值
C:\Users\26819\Desktop\计科2301班202312474-舒中成-健身管理系统\健身管理系统\健身管理系统\main.cpp(111,106): error C2105: “++”需要左值
C:\Users\26819\Desktop\计科2301班202312474-舒中成-健身管理系统\健身管理系统\健身管理系统\main.cpp(111,108): error C2105: “++”需要左值
C:\Users\26819\Desktop\计科2301班202312474-舒中成-健身管理系统\健身管理系统\健身管理系统\main.cpp(111,110): error C2105: “++”需要左值
C:\Users\26819\Desktop\计科2301班202312474-舒中成-健身管理系统\健身管理系统\健身管理系统\main.cpp(111,112): error C2105: “++”需要左值
C:\Users\26819\Desktop\计科2301班202312474-舒中成-健身管理系统\健身管理系统\健身管理系统\main.cpp(111,114): error C2105: “++”需要左值
C:\Users\26819\Desktop\计科2301班202312474-舒中成-健身管理系统\健身管理系统\健身管理系统\main.cpp(111,116): error C2105: “++”需要左值
C:\Users\26819\Desktop\计科2301班202312474-舒中成-健身管理系统\健身管理系统\健身管理系统\main.cpp(111,118): error C2105: “++”需要左值
C:\Users\26819\Desktop\计科2301班202312474-舒中成-健身管理系统\健身管理系统\健身管理系统\main.cpp(111,120): error C2105: “++”需要左值
C:\Users\26819\Desktop\计科2301班202312474-舒中成-健身管理系统\健身管理系统\健身管理系统\main.cpp(111,122): error C2105: “++”需要左值
C:\Users\26819\Desktop\计科2301班202312474-舒中成-健身管理系统\健身管理系统\健身管理系统\main.cpp(111,124): error C2105: “++”需要左值
C:\Users\26819\Desktop\计科2301班202312474-舒中成-健身管理系统\健身管理系统\健身管理系统\main.cpp(111,126): error C2105: “++”需要左值
C:\Users\26819\Desktop\计科2301班202312474-舒中成-健身管理系统\健身管理系统\健身管理系统\main.cpp(111,128): error C2105: “++”需要左值
C:\Users\26819\Desktop\计科2301班202312474-舒中成-健身管理系统\健身管理系统\健身管理系统\main.cpp(111,130): error C2105: “++”需要左值
C:\Users\26819\Desktop\计科2301班202312474-舒中成-健身管理系统\健身管理系统\健身管理系统\main.cpp(111,132): error C2105: “++”需要左值
C:\Users\26819\Desktop\计科2301班202312474-舒中成-健身管理系统\健身管理系统\健身管理系统\main.cpp(111,134): error C2105: “++”需要左值
C:\Users\26819\Desktop\计科2301班202312474-舒中成-健身管理系统\健身管理系统\健身管理系统\main.cpp(111,136): error C2105: “++”需要左值
C:\Users\26819\Desktop\计科2301班202312474-舒中成-健身管理系统\健身管理系统\健身管理系统\main.cpp(111,138): error C2105: “++”需要左值
C:\Users\26819\Desktop\计科2301班202312474-舒中成-健身管理系统\健身管理系统\健身管理系统\main.cpp(111,140): error C2105: “++”需要左值
C:\Users\26819\Desktop\计科2301班202312474-舒中成-健身管理系统\健身管理系统\健身管理系统\main.cpp(111,142): error C2105: “++”需要左值
C:\Users\26819\Desktop\计科2301班202312474-舒中成-健身管理系统\健身管理系统\健身管理系统\main.cpp(111,144): error C2105: “++”需要左值
C:\Users\26819\Desktop\计科2301班202312474-舒中成-健身管理系统\健身管理系统\健身管理系统\main.cpp(111,146): error C2105: “++”需要左值
C:\Users\26819\Desktop\计科2301班202312474-舒中成-健身管理系统\健身管理系统\健身管理系统\main.cpp(111,148): error C2105: “++”需要左值
C:\Users\26819\Desktop\计科2301班202312474-舒中成-健身管理系统\健身管理系统\健身管理系统\main.cpp(111,150): error C2105: “++”需要左值
C:\Users\26819\Desktop\计科2301班202312474-舒中成-健身管理系统\健身管理系统\健身管理系统\main.cpp(111,152): error C2105: “++”需要左值
C:\Users\26819\Desktop\计科2301班202312474-舒中成-健身管理系统\健身管理系统\健身管理系统\main.cpp(111,154): error C2105: “++”需要左值
C:\Users\26819\Desktop\计科2301班202312474-舒中成-健身管理系统\健身管理系统\健身管理系统\main.cpp(111,156): error C2105: “++”需要左值
C:\Users\26819\Desktop\计科2301班202312474-舒中成-健身管理系统\健身管理系统\健身管理系统\main.cpp(111,158): error C2105: “++”需要左值
C:\Users\26819\Desktop\计科2301班202312474-舒中成-健身管理系统\健身管理系统\健身管理系统\main.cpp(111,160): error C2105: “++”需要左值
C:\Users\26819\Desktop\计科2301班202312474-舒中成-健身管理系统\健身管理系统\健身管理系统\main.cpp(111,162): error C2105: “++”需要左值
C:\Users\26819\Desktop\计科2301班202312474-舒中成-健身管理系统\健身管理系统\健身管理系统\main.cpp(112,2): error C2146: 语法错误: 缺少“;”(在标识符“Node”的前面)
